<?xml version="1.0" encoding="UTF-8"?>
<!-- Generated by org.testng.reporters.JUnitXMLReporter -->
<testsuite ignored="0" hostname="Pankajs-Device" failures="0" tests="4" name="Default test" time="2.276" errors="0" timestamp="24 May 2023 00:57:20 GMT">
  <testcase classname="api.test.UserTests" name="testPostUser" time="1.454"/>
  <testcase classname="api.test.UserTests" name="getUserByName" time="0.243"/>
  <testcase classname="api.test.UserTests" name="upadateUser" time="0.194"/>
  <testcase classname="api.test.UserTests" name="deleteUser" time="0.204"/>
</testsuite> <!-- Default test -->
