<?xml version="1.0" encoding="UTF-8"?>
<!-- Generated by org.testng.reporters.JUnitXMLReporter -->
<testsuite ignored="0" hostname="Pankajs-Device" failures="0" tests="4" name="Test" time="2.112" errors="0" timestamp="24 May 2023 00:36:39 GMT">
  <testcase classname="api.test.UserTests" name="testPostUser" time="1.315"/>
  <testcase classname="api.test.UserTests" name="getUserByName" time="0.211"/>
  <testcase classname="api.test.UserTests" name="upadateUser" time="0.231"/>
  <testcase classname="api.test.UserTests" name="deleteUser" time="0.185"/>
</testsuite> <!-- Test -->
