<?xml version="1.0" encoding="UTF-8"?>
<testng-results ignored="0" total="4" passed="4" failed="0" skipped="0">
  <reporter-output>
  </reporter-output>
  <suite started-at="2023-05-24T00:57:17Z" name="Default suite" finished-at="2023-05-24T00:57:20Z" duration-ms="2276">
    <groups>
    </groups>
    <test started-at="2023-05-24T00:57:17Z" name="Default test" finished-at="2023-05-24T00:57:20Z" duration-ms="2276">
      <class name="api.test.UserTests">
        <test-method is-config="true" signature="setupData()[pri:0, instance:api.test.UserTests@41294f8]" started-at="2023-05-24T00:57:17Z" name="setupData" finished-at="2023-05-24T00:57:17Z" duration-ms="167" status="PASS">
          <reporter-output>
          </reporter-output>
        </test-method> <!-- setupData -->
        <test-method signature="testPostUser()[pri:1, instance:api.test.UserTests@41294f8]" started-at="2023-05-24T00:57:18Z" name="testPostUser" finished-at="2023-05-24T00:57:19Z" duration-ms="1454" status="PASS">
          <reporter-output>
          </reporter-output>
        </test-method> <!-- testPostUser -->
        <test-method signature="getUserByName()[pri:2, instance:api.test.UserTests@41294f8]" started-at="2023-05-24T00:57:19Z" name="getUserByName" finished-at="2023-05-24T00:57:19Z" duration-ms="243" status="PASS">
          <reporter-output>
          </reporter-output>
        </test-method> <!-- getUserByName -->
        <test-method signature="upadateUser()[pri:3, instance:api.test.UserTests@41294f8]" started-at="2023-05-24T00:57:19Z" name="upadateUser" finished-at="2023-05-24T00:57:19Z" duration-ms="194" status="PASS">
          <reporter-output>
          </reporter-output>
        </test-method> <!-- upadateUser -->
        <test-method signature="deleteUser()[pri:4, instance:api.test.UserTests@41294f8]" started-at="2023-05-24T00:57:19Z" name="deleteUser" finished-at="2023-05-24T00:57:20Z" duration-ms="204" status="PASS">
          <reporter-output>
          </reporter-output>
        </test-method> <!-- deleteUser -->
      </class> <!-- api.test.UserTests -->
    </test> <!-- Default test -->
  </suite> <!-- Default suite -->
</testng-results>
